<?xml version="1.0" encoding="UTF-8"?>
<testsuite xmlns:xsi="http://www.w3.org/2001/XMLSchema-instance" xsi:noNamespaceSchemaLocation="https://maven.apache.org/surefire/maven-surefire-plugin/xsd/surefire-test-report.xsd" name="TestSuite" time="1.023" tests="5" errors="0" skipped="0" failures="0">
  <properties>
    <property name="sun.desktop" value="windows"/>
    <property name="awt.toolkit" value="sun.awt.windows.WToolkit"/>
    <property name="file.encoding.pkg" value="sun.io"/>
    <property name="java.specification.version" value="1.8"/>
    <property name="sun.cpu.isalist" value="amd64"/>
    <property name="sun.jnu.encoding" value="GBK"/>
    <property name="java.class.path" value="C:\workspace\hryAuto\target\test-classes;C:\workspace\hryAuto\target\classes;D:\LocalRepository\org\springframework\boot\spring-boot-starter-web\2.0.1.RELEASE\spring-boot-starter-web-2.0.1.RELEASE.jar;D:\LocalRepository\org\springframework\boot\spring-boot-starter\2.0.1.RELEASE\spring-boot-starter-2.0.1.RELEASE.jar;D:\LocalRepository\org\springframework\boot\spring-boot\2.0.1.RELEASE\spring-boot-2.0.1.RELEASE.jar;D:\LocalRepository\org\springframework\boot\spring-boot-starter-logging\2.0.1.RELEASE\spring-boot-starter-logging-2.0.1.RELEASE.jar;D:\LocalRepository\ch\qos\logback\logback-classic\1.2.3\logback-classic-1.2.3.jar;D:\LocalRepository\ch\qos\logback\logback-core\1.2.3\logback-core-1.2.3.jar;D:\LocalRepository\org\apache\logging\log4j\log4j-to-slf4j\2.10.0\log4j-to-slf4j-2.10.0.jar;D:\LocalRepository\org\apache\logging\log4j\log4j-api\2.10.0\log4j-api-2.10.0.jar;D:\LocalRepository\org\slf4j\jul-to-slf4j\1.7.25\jul-to-slf4j-1.7.25.jar;D:\LocalRepository\javax\annotation\javax.annotation-api\1.3.2\javax.annotation-api-1.3.2.jar;D:\LocalRepository\org\yaml\snakeyaml\1.19\snakeyaml-1.19.jar;D:\LocalRepository\org\springframework\boot\spring-boot-starter-json\2.0.1.RELEASE\spring-boot-starter-json-2.0.1.RELEASE.jar;D:\LocalRepository\com\fasterxml\jackson\core\jackson-databind\2.9.5\jackson-databind-2.9.5.jar;D:\LocalRepository\com\fasterxml\jackson\core\jackson-annotations\2.9.0\jackson-annotations-2.9.0.jar;D:\LocalRepository\com\fasterxml\jackson\core\jackson-core\2.9.5\jackson-core-2.9.5.jar;D:\LocalRepository\com\fasterxml\jackson\datatype\jackson-datatype-jdk8\2.9.5\jackson-datatype-jdk8-2.9.5.jar;D:\LocalRepository\com\fasterxml\jackson\datatype\jackson-datatype-jsr310\2.9.5\jackson-datatype-jsr310-2.9.5.jar;D:\LocalRepository\com\fasterxml\jackson\module\jackson-module-parameter-names\2.9.5\jackson-module-parameter-names-2.9.5.jar;D:\LocalRepository\org\springframework\boot\spring-boot-starter-tomcat\2.0.1.RELEASE\spring-boot-starter-tomcat-2.0.1.RELEASE.jar;D:\LocalRepository\org\apache\tomcat\embed\tomcat-embed-core\8.5.29\tomcat-embed-core-8.5.29.jar;D:\LocalRepository\org\apache\tomcat\embed\tomcat-embed-el\8.5.29\tomcat-embed-el-8.5.29.jar;D:\LocalRepository\org\apache\tomcat\embed\tomcat-embed-websocket\8.5.29\tomcat-embed-websocket-8.5.29.jar;D:\LocalRepository\org\hibernate\validator\hibernate-validator\6.0.9.Final\hibernate-validator-6.0.9.Final.jar;D:\LocalRepository\javax\validation\validation-api\2.0.1.Final\validation-api-2.0.1.Final.jar;D:\LocalRepository\org\jboss\logging\jboss-logging\3.3.2.Final\jboss-logging-3.3.2.Final.jar;D:\LocalRepository\com\fasterxml\classmate\1.3.4\classmate-1.3.4.jar;D:\LocalRepository\org\springframework\spring-web\5.0.5.RELEASE\spring-web-5.0.5.RELEASE.jar;D:\LocalRepository\org\springframework\spring-beans\5.0.5.RELEASE\spring-beans-5.0.5.RELEASE.jar;D:\LocalRepository\org\springframework\spring-webmvc\5.0.5.RELEASE\spring-webmvc-5.0.5.RELEASE.jar;D:\LocalRepository\org\springframework\spring-context\5.0.5.RELEASE\spring-context-5.0.5.RELEASE.jar;D:\LocalRepository\org\springframework\spring-expression\5.0.5.RELEASE\spring-expression-5.0.5.RELEASE.jar;D:\LocalRepository\org\mybatis\spring\boot\mybatis-spring-boot-starter\1.3.1\mybatis-spring-boot-starter-1.3.1.jar;D:\LocalRepository\org\springframework\boot\spring-boot-starter-jdbc\2.0.1.RELEASE\spring-boot-starter-jdbc-2.0.1.RELEASE.jar;D:\LocalRepository\com\zaxxer\HikariCP\2.7.8\HikariCP-2.7.8.jar;D:\LocalRepository\org\springframework\spring-jdbc\5.0.5.RELEASE\spring-jdbc-5.0.5.RELEASE.jar;D:\LocalRepository\org\mybatis\spring\boot\mybatis-spring-boot-autoconfigure\1.3.1\mybatis-spring-boot-autoconfigure-1.3.1.jar;D:\LocalRepository\org\mybatis\mybatis\3.4.5\mybatis-3.4.5.jar;D:\LocalRepository\org\mybatis\mybatis-spring\1.3.1\mybatis-spring-1.3.1.jar;D:\LocalRepository\org\springframework\boot\spring-boot-starter-quartz\2.0.1.RELEASE\spring-boot-starter-quartz-2.0.1.RELEASE.jar;D:\LocalRepository\org\springframework\spring-context-support\5.0.5.RELEASE\spring-context-support-5.0.5.RELEASE.jar;D:\LocalRepository\org\springframework\spring-tx\5.0.5.RELEASE\spring-tx-5.0.5.RELEASE.jar;D:\LocalRepository\org\quartz-scheduler\quartz\2.3.0\quartz-2.3.0.jar;D:\LocalRepository\com\mchange\mchange-commons-java\0.2.11\mchange-commons-java-0.2.11.jar;D:\LocalRepository\mysql\mysql-connector-java\5.1.46\mysql-connector-java-5.1.46.jar;D:\LocalRepository\com\oracle\ojdbc6\12.1.0.1-atlassian-hosted\ojdbc6-12.1.0.1-atlassian-hosted.jar;D:\LocalRepository\org\springframework\boot\spring-boot-starter-aop\2.0.1.RELEASE\spring-boot-starter-aop-2.0.1.RELEASE.jar;D:\LocalRepository\org\springframework\spring-aop\5.0.5.RELEASE\spring-aop-5.0.5.RELEASE.jar;D:\LocalRepository\org\aspectj\aspectjweaver\1.8.13\aspectjweaver-1.8.13.jar;D:\LocalRepository\com\github\pagehelper\pagehelper-spring-boot-starter\1.2.5\pagehelper-spring-boot-starter-1.2.5.jar;D:\LocalRepository\com\github\pagehelper\pagehelper-spring-boot-autoconfigure\1.2.5\pagehelper-spring-boot-autoconfigure-1.2.5.jar;D:\LocalRepository\com\github\pagehelper\pagehelper\5.1.4\pagehelper-5.1.4.jar;D:\LocalRepository\com\github\jsqlparser\jsqlparser\1.0\jsqlparser-1.0.jar;D:\LocalRepository\org\springframework\boot\spring-boot-configuration-processor\2.0.1.RELEASE\spring-boot-configuration-processor-2.0.1.RELEASE.jar;D:\LocalRepository\com\alibaba\druid-spring-boot-starter\1.1.10\druid-spring-boot-starter-1.1.10.jar;D:\LocalRepository\com\alibaba\druid\1.1.10\druid-1.1.10.jar;D:\LocalRepository\org\slf4j\slf4j-api\1.7.25\slf4j-api-1.7.25.jar;D:\LocalRepository\org\springframework\boot\spring-boot-autoconfigure\2.0.1.RELEASE\spring-boot-autoconfigure-2.0.1.RELEASE.jar;D:\LocalRepository\org\projectlombok\lombok\1.16.20\lombok-1.16.20.jar;D:\LocalRepository\commons-codec\commons-codec\1.11\commons-codec-1.11.jar;D:\LocalRepository\com\arronlong\httpclientutil\1.0\httpclientutil-1.0.jar;D:\LocalRepository\org\apache\httpcomponents\httpclient\4.5.5\httpclient-4.5.5.jar;D:\LocalRepository\org\apache\httpcomponents\httpcore\4.4.9\httpcore-4.4.9.jar;D:\LocalRepository\org\apache\httpcomponents\httpmime\4.5.5\httpmime-4.5.5.jar;D:\LocalRepository\org\apache\httpcomponents\httpasyncclient\4.1.3\httpasyncclient-4.1.3.jar;D:\LocalRepository\org\apache\httpcomponents\httpcore-nio\4.4.9\httpcore-nio-4.4.9.jar;D:\LocalRepository\log4j\log4j\1.2.17\log4j-1.2.17.jar;D:\LocalRepository\com\alibaba\fastjson\1.2.47\fastjson-1.2.47.jar;D:\LocalRepository\org\testng\testng\6.14.3\testng-6.14.3.jar;D:\LocalRepository\com\beust\jcommander\1.72\jcommander-1.72.jar;D:\LocalRepository\org\apache-extras\beanshell\bsh\2.0b6\bsh-2.0b6.jar;D:\LocalRepository\com\aventstack\extentreports\3.1.5\extentreports-3.1.5.jar;D:\LocalRepository\org\freemarker\freemarker\2.3.28\freemarker-2.3.28.jar;D:\LocalRepository\org\mongodb\mongodb-driver\3.6.3\mongodb-driver-3.6.3.jar;D:\LocalRepository\org\mongodb\bson\3.6.3\bson-3.6.3.jar;D:\LocalRepository\org\mongodb\mongodb-driver-core\3.6.3\mongodb-driver-core-3.6.3.jar;D:\LocalRepository\org\jsoup\jsoup\1.9.2\jsoup-1.9.2.jar;D:\LocalRepository\com\google\code\gson\gson\2.8.2\gson-2.8.2.jar;D:\LocalRepository\org\apache\commons\commons-lang3\3.7\commons-lang3-3.7.jar;D:\LocalRepository\org\springframework\boot\spring-boot-starter-test\2.0.1.RELEASE\spring-boot-starter-test-2.0.1.RELEASE.jar;D:\LocalRepository\org\springframework\boot\spring-boot-test\2.0.1.RELEASE\spring-boot-test-2.0.1.RELEASE.jar;D:\LocalRepository\org\springframework\boot\spring-boot-test-autoconfigure\2.0.1.RELEASE\spring-boot-test-autoconfigure-2.0.1.RELEASE.jar;D:\LocalRepository\com\jayway\jsonpath\json-path\2.4.0\json-path-2.4.0.jar;D:\LocalRepository\net\minidev\json-smart\2.3\json-smart-2.3.jar;D:\LocalRepository\net\minidev\accessors-smart\1.2\accessors-smart-1.2.jar;D:\LocalRepository\org\ow2\asm\asm\5.0.4\asm-5.0.4.jar;D:\LocalRepository\junit\junit\4.12\junit-4.12.jar;D:\LocalRepository\org\assertj\assertj-core\3.9.1\assertj-core-3.9.1.jar;D:\LocalRepository\org\mockito\mockito-core\2.15.0\mockito-core-2.15.0.jar;D:\LocalRepository\net\bytebuddy\byte-buddy\1.7.11\byte-buddy-1.7.11.jar;D:\LocalRepository\net\bytebuddy\byte-buddy-agent\1.7.11\byte-buddy-agent-1.7.11.jar;D:\LocalRepository\org\objenesis\objenesis\2.6\objenesis-2.6.jar;D:\LocalRepository\org\hamcrest\hamcrest-core\1.3\hamcrest-core-1.3.jar;D:\LocalRepository\org\hamcrest\hamcrest-library\1.3\hamcrest-library-1.3.jar;D:\LocalRepository\org\skyscreamer\jsonassert\1.5.0\jsonassert-1.5.0.jar;D:\LocalRepository\com\vaadin\external\google\android-json\0.0.20131108.vaadin1\android-json-0.0.20131108.vaadin1.jar;D:\LocalRepository\org\springframework\spring-core\5.0.5.RELEASE\spring-core-5.0.5.RELEASE.jar;D:\LocalRepository\org\springframework\spring-jcl\5.0.5.RELEASE\spring-jcl-5.0.5.RELEASE.jar;D:\LocalRepository\org\xmlunit\xmlunit-core\2.5.1\xmlunit-core-2.5.1.jar;D:\LocalRepository\org\springframework\spring-test\5.0.5.RELEASE\spring-test-5.0.5.RELEASE.jar;D:\LocalRepository\com\itranswarp\compiler\1.0\compiler-1.0.jar;D:\LocalRepository\org\apache\maven\surefire\surefire-testng-utils\2.21.0\surefire-testng-utils-2.21.0.jar;D:\LocalRepository\org\apache\maven\surefire\surefire-grouper\2.21.0\surefire-grouper-2.21.0.jar;"/>
    <property name="java.vm.vendor" value="Oracle Corporation"/>
    <property name="sun.arch.data.model" value="64"/>
    <property name="user.variant" value=""/>
    <property name="java.vendor.url" value="http://java.oracle.com/"/>
    <property name="user.timezone" value=""/>
    <property name="java.vm.specification.version" value="1.8"/>
    <property name="os.name" value="Windows 10"/>
    <property name="user.country" value="CN"/>
    <property name="sun.java.launcher" value="SUN_STANDARD"/>
    <property name="sun.boot.library.path" value="C:\JavaHome\jre\bin"/>
    <property name="sun.java.command" value="C:\Users\luqiwei\AppData\Local\Temp\surefire3407396609435171897\surefirebooter2224084736529483887.jar C:\Users\luqiwei\AppData\Local\Temp\surefire3407396609435171897 2019-01-10T14-01-43_889-jvmRun1 surefire4690690304796368714tmp surefire_01787477568533991415tmp"/>
    <property name="surefire.test.class.path" value="C:\workspace\hryAuto\target\test-classes;C:\workspace\hryAuto\target\classes;D:\LocalRepository\org\springframework\boot\spring-boot-starter-web\2.0.1.RELEASE\spring-boot-starter-web-2.0.1.RELEASE.jar;D:\LocalRepository\org\springframework\boot\spring-boot-starter\2.0.1.RELEASE\spring-boot-starter-2.0.1.RELEASE.jar;D:\LocalRepository\org\springframework\boot\spring-boot\2.0.1.RELEASE\spring-boot-2.0.1.RELEASE.jar;D:\LocalRepository\org\springframework\boot\spring-boot-starter-logging\2.0.1.RELEASE\spring-boot-starter-logging-2.0.1.RELEASE.jar;D:\LocalRepository\ch\qos\logback\logback-classic\1.2.3\logback-classic-1.2.3.jar;D:\LocalRepository\ch\qos\logback\logback-core\1.2.3\logback-core-1.2.3.jar;D:\LocalRepository\org\apache\logging\log4j\log4j-to-slf4j\2.10.0\log4j-to-slf4j-2.10.0.jar;D:\LocalRepository\org\apache\logging\log4j\log4j-api\2.10.0\log4j-api-2.10.0.jar;D:\LocalRepository\org\slf4j\jul-to-slf4j\1.7.25\jul-to-slf4j-1.7.25.jar;D:\LocalRepository\javax\annotation\javax.annotation-api\1.3.2\javax.annotation-api-1.3.2.jar;D:\LocalRepository\org\yaml\snakeyaml\1.19\snakeyaml-1.19.jar;D:\LocalRepository\org\springframework\boot\spring-boot-starter-json\2.0.1.RELEASE\spring-boot-starter-json-2.0.1.RELEASE.jar;D:\LocalRepository\com\fasterxml\jackson\core\jackson-databind\2.9.5\jackson-databind-2.9.5.jar;D:\LocalRepository\com\fasterxml\jackson\core\jackson-annotations\2.9.0\jackson-annotations-2.9.0.jar;D:\LocalRepository\com\fasterxml\jackson\core\jackson-core\2.9.5\jackson-core-2.9.5.jar;D:\LocalRepository\com\fasterxml\jackson\datatype\jackson-datatype-jdk8\2.9.5\jackson-datatype-jdk8-2.9.5.jar;D:\LocalRepository\com\fasterxml\jackson\datatype\jackson-datatype-jsr310\2.9.5\jackson-datatype-jsr310-2.9.5.jar;D:\LocalRepository\com\fasterxml\jackson\module\jackson-module-parameter-names\2.9.5\jackson-module-parameter-names-2.9.5.jar;D:\LocalRepository\org\springframework\boot\spring-boot-starter-tomcat\2.0.1.RELEASE\spring-boot-starter-tomcat-2.0.1.RELEASE.jar;D:\LocalRepository\org\apache\tomcat\embed\tomcat-embed-core\8.5.29\tomcat-embed-core-8.5.29.jar;D:\LocalRepository\org\apache\tomcat\embed\tomcat-embed-el\8.5.29\tomcat-embed-el-8.5.29.jar;D:\LocalRepository\org\apache\tomcat\embed\tomcat-embed-websocket\8.5.29\tomcat-embed-websocket-8.5.29.jar;D:\LocalRepository\org\hibernate\validator\hibernate-validator\6.0.9.Final\hibernate-validator-6.0.9.Final.jar;D:\LocalRepository\javax\validation\validation-api\2.0.1.Final\validation-api-2.0.1.Final.jar;D:\LocalRepository\org\jboss\logging\jboss-logging\3.3.2.Final\jboss-logging-3.3.2.Final.jar;D:\LocalRepository\com\fasterxml\classmate\1.3.4\classmate-1.3.4.jar;D:\LocalRepository\org\springframework\spring-web\5.0.5.RELEASE\spring-web-5.0.5.RELEASE.jar;D:\LocalRepository\org\springframework\spring-beans\5.0.5.RELEASE\spring-beans-5.0.5.RELEASE.jar;D:\LocalRepository\org\springframework\spring-webmvc\5.0.5.RELEASE\spring-webmvc-5.0.5.RELEASE.jar;D:\LocalRepository\org\springframework\spring-context\5.0.5.RELEASE\spring-context-5.0.5.RELEASE.jar;D:\LocalRepository\org\springframework\spring-expression\5.0.5.RELEASE\spring-expression-5.0.5.RELEASE.jar;D:\LocalRepository\org\mybatis\spring\boot\mybatis-spring-boot-starter\1.3.1\mybatis-spring-boot-starter-1.3.1.jar;D:\LocalRepository\org\springframework\boot\spring-boot-starter-jdbc\2.0.1.RELEASE\spring-boot-starter-jdbc-2.0.1.RELEASE.jar;D:\LocalRepository\com\zaxxer\HikariCP\2.7.8\HikariCP-2.7.8.jar;D:\LocalRepository\org\springframework\spring-jdbc\5.0.5.RELEASE\spring-jdbc-5.0.5.RELEASE.jar;D:\LocalRepository\org\mybatis\spring\boot\mybatis-spring-boot-autoconfigure\1.3.1\mybatis-spring-boot-autoconfigure-1.3.1.jar;D:\LocalRepository\org\mybatis\mybatis\3.4.5\mybatis-3.4.5.jar;D:\LocalRepository\org\mybatis\mybatis-spring\1.3.1\mybatis-spring-1.3.1.jar;D:\LocalRepository\org\springframework\boot\spring-boot-starter-quartz\2.0.1.RELEASE\spring-boot-starter-quartz-2.0.1.RELEASE.jar;D:\LocalRepository\org\springframework\spring-context-support\5.0.5.RELEASE\spring-context-support-5.0.5.RELEASE.jar;D:\LocalRepository\org\springframework\spring-tx\5.0.5.RELEASE\spring-tx-5.0.5.RELEASE.jar;D:\LocalRepository\org\quartz-scheduler\quartz\2.3.0\quartz-2.3.0.jar;D:\LocalRepository\com\mchange\mchange-commons-java\0.2.11\mchange-commons-java-0.2.11.jar;D:\LocalRepository\mysql\mysql-connector-java\5.1.46\mysql-connector-java-5.1.46.jar;D:\LocalRepository\com\oracle\ojdbc6\12.1.0.1-atlassian-hosted\ojdbc6-12.1.0.1-atlassian-hosted.jar;D:\LocalRepository\org\springframework\boot\spring-boot-starter-aop\2.0.1.RELEASE\spring-boot-starter-aop-2.0.1.RELEASE.jar;D:\LocalRepository\org\springframework\spring-aop\5.0.5.RELEASE\spring-aop-5.0.5.RELEASE.jar;D:\LocalRepository\org\aspectj\aspectjweaver\1.8.13\aspectjweaver-1.8.13.jar;D:\LocalRepository\com\github\pagehelper\pagehelper-spring-boot-starter\1.2.5\pagehelper-spring-boot-starter-1.2.5.jar;D:\LocalRepository\com\github\pagehelper\pagehelper-spring-boot-autoconfigure\1.2.5\pagehelper-spring-boot-autoconfigure-1.2.5.jar;D:\LocalRepository\com\github\pagehelper\pagehelper\5.1.4\pagehelper-5.1.4.jar;D:\LocalRepository\com\github\jsqlparser\jsqlparser\1.0\jsqlparser-1.0.jar;D:\LocalRepository\org\springframework\boot\spring-boot-configuration-processor\2.0.1.RELEASE\spring-boot-configuration-processor-2.0.1.RELEASE.jar;D:\LocalRepository\com\alibaba\druid-spring-boot-starter\1.1.10\druid-spring-boot-starter-1.1.10.jar;D:\LocalRepository\com\alibaba\druid\1.1.10\druid-1.1.10.jar;D:\LocalRepository\org\slf4j\slf4j-api\1.7.25\slf4j-api-1.7.25.jar;D:\LocalRepository\org\springframework\boot\spring-boot-autoconfigure\2.0.1.RELEASE\spring-boot-autoconfigure-2.0.1.RELEASE.jar;D:\LocalRepository\org\projectlombok\lombok\1.16.20\lombok-1.16.20.jar;D:\LocalRepository\commons-codec\commons-codec\1.11\commons-codec-1.11.jar;D:\LocalRepository\com\arronlong\httpclientutil\1.0\httpclientutil-1.0.jar;D:\LocalRepository\org\apache\httpcomponents\httpclient\4.5.5\httpclient-4.5.5.jar;D:\LocalRepository\org\apache\httpcomponents\httpcore\4.4.9\httpcore-4.4.9.jar;D:\LocalRepository\org\apache\httpcomponents\httpmime\4.5.5\httpmime-4.5.5.jar;D:\LocalRepository\org\apache\httpcomponents\httpasyncclient\4.1.3\httpasyncclient-4.1.3.jar;D:\LocalRepository\org\apache\httpcomponents\httpcore-nio\4.4.9\httpcore-nio-4.4.9.jar;D:\LocalRepository\log4j\log4j\1.2.17\log4j-1.2.17.jar;D:\LocalRepository\com\alibaba\fastjson\1.2.47\fastjson-1.2.47.jar;D:\LocalRepository\org\testng\testng\6.14.3\testng-6.14.3.jar;D:\LocalRepository\com\beust\jcommander\1.72\jcommander-1.72.jar;D:\LocalRepository\org\apache-extras\beanshell\bsh\2.0b6\bsh-2.0b6.jar;D:\LocalRepository\com\aventstack\extentreports\3.1.5\extentreports-3.1.5.jar;D:\LocalRepository\org\freemarker\freemarker\2.3.28\freemarker-2.3.28.jar;D:\LocalRepository\org\mongodb\mongodb-driver\3.6.3\mongodb-driver-3.6.3.jar;D:\LocalRepository\org\mongodb\bson\3.6.3\bson-3.6.3.jar;D:\LocalRepository\org\mongodb\mongodb-driver-core\3.6.3\mongodb-driver-core-3.6.3.jar;D:\LocalRepository\org\jsoup\jsoup\1.9.2\jsoup-1.9.2.jar;D:\LocalRepository\com\google\code\gson\gson\2.8.2\gson-2.8.2.jar;D:\LocalRepository\org\apache\commons\commons-lang3\3.7\commons-lang3-3.7.jar;D:\LocalRepository\org\springframework\boot\spring-boot-starter-test\2.0.1.RELEASE\spring-boot-starter-test-2.0.1.RELEASE.jar;D:\LocalRepository\org\springframework\boot\spring-boot-test\2.0.1.RELEASE\spring-boot-test-2.0.1.RELEASE.jar;D:\LocalRepository\org\springframework\boot\spring-boot-test-autoconfigure\2.0.1.RELEASE\spring-boot-test-autoconfigure-2.0.1.RELEASE.jar;D:\LocalRepository\com\jayway\jsonpath\json-path\2.4.0\json-path-2.4.0.jar;D:\LocalRepository\net\minidev\json-smart\2.3\json-smart-2.3.jar;D:\LocalRepository\net\minidev\accessors-smart\1.2\accessors-smart-1.2.jar;D:\LocalRepository\org\ow2\asm\asm\5.0.4\asm-5.0.4.jar;D:\LocalRepository\junit\junit\4.12\junit-4.12.jar;D:\LocalRepository\org\assertj\assertj-core\3.9.1\assertj-core-3.9.1.jar;D:\LocalRepository\org\mockito\mockito-core\2.15.0\mockito-core-2.15.0.jar;D:\LocalRepository\net\bytebuddy\byte-buddy\1.7.11\byte-buddy-1.7.11.jar;D:\LocalRepository\net\bytebuddy\byte-buddy-agent\1.7.11\byte-buddy-agent-1.7.11.jar;D:\LocalRepository\org\objenesis\objenesis\2.6\objenesis-2.6.jar;D:\LocalRepository\org\hamcrest\hamcrest-core\1.3\hamcrest-core-1.3.jar;D:\LocalRepository\org\hamcrest\hamcrest-library\1.3\hamcrest-library-1.3.jar;D:\LocalRepository\org\skyscreamer\jsonassert\1.5.0\jsonassert-1.5.0.jar;D:\LocalRepository\com\vaadin\external\google\android-json\0.0.20131108.vaadin1\android-json-0.0.20131108.vaadin1.jar;D:\LocalRepository\org\springframework\spring-core\5.0.5.RELEASE\spring-core-5.0.5.RELEASE.jar;D:\LocalRepository\org\springframework\spring-jcl\5.0.5.RELEASE\spring-jcl-5.0.5.RELEASE.jar;D:\LocalRepository\org\xmlunit\xmlunit-core\2.5.1\xmlunit-core-2.5.1.jar;D:\LocalRepository\org\springframework\spring-test\5.0.5.RELEASE\spring-test-5.0.5.RELEASE.jar;D:\LocalRepository\com\itranswarp\compiler\1.0\compiler-1.0.jar;D:\LocalRepository\org\apache\maven\surefire\surefire-testng-utils\2.21.0\surefire-testng-utils-2.21.0.jar;D:\LocalRepository\org\apache\maven\surefire\surefire-grouper\2.21.0\surefire-grouper-2.21.0.jar;"/>
    <property name="sun.cpu.endian" value="little"/>
    <property name="user.home" value="C:\Users\luqiwei"/>
    <property name="user.language" value="zh"/>
    <property name="java.specification.vendor" value="Oracle Corporation"/>
    <property name="java.home" value="C:\JavaHome\jre"/>
    <property name="basedir" value="C:\workspace\hryAuto"/>
    <property name="file.separator" value="\"/>
    <property name="line.separator" value="&#10;"/>
    <property name="java.vm.specification.vendor" value="Oracle Corporation"/>
    <property name="java.specification.name" value="Java Platform API Specification"/>
    <property name="java.awt.graphicsenv" value="sun.awt.Win32GraphicsEnvironment"/>
    <property name="surefire.real.class.path" value="C:\Users\luqiwei\AppData\Local\Temp\surefire3407396609435171897\surefirebooter2224084736529483887.jar"/>
    <property name="sun.boot.class.path" value="C:\JavaHome\jre\lib\resources.jar;C:\JavaHome\jre\lib\rt.jar;C:\JavaHome\jre\lib\sunrsasign.jar;C:\JavaHome\jre\lib\jsse.jar;C:\JavaHome\jre\lib\jce.jar;C:\JavaHome\jre\lib\charsets.jar;C:\JavaHome\jre\lib\jfr.jar;C:\JavaHome\jre\classes"/>
    <property name="user.script" value=""/>
    <property name="sun.management.compiler" value="HotSpot 64-Bit Tiered Compilers"/>
    <property name="java.runtime.version" value="1.8.0_121-b13"/>
    <property name="user.name" value="luqiwei"/>
    <property name="path.separator" value=";"/>
    <property name="os.version" value="10.0"/>
    <property name="java.endorsed.dirs" value="C:\JavaHome\jre\lib\endorsed"/>
    <property name="java.runtime.name" value="Java(TM) SE Runtime Environment"/>
    <property name="file.encoding" value="GBK"/>
    <property name="java.vm.name" value="Java HotSpot(TM) 64-Bit Server VM"/>
    <property name="localRepository" value="D:\LocalRepository"/>
    <property name="java.vendor.url.bug" value="http://bugreport.sun.com/bugreport/"/>
    <property name="java.io.tmpdir" value="C:\Users\luqiwei\AppData\Local\Temp\"/>
    <property name="java.version" value="1.8.0_121"/>
    <property name="user.dir" value="C:\workspace\hryAuto"/>
    <property name="os.arch" value="amd64"/>
    <property name="java.vm.specification.name" value="Java Virtual Machine Specification"/>
    <property name="java.awt.printerjob" value="sun.awt.windows.WPrinterJob"/>
    <property name="sun.os.patch.level" value=""/>
    <property name="java.library.path" value="C:\JavaHome\jre\bin;C:\WINDOWS\Sun\Java\bin;C:\WINDOWS\system32;C:\WINDOWS;C:\Program Files\Git\mingw64\bin;C:\Program Files\Git\usr\bin;C:\Users\luqiwei\bin;C:\Windows\system32;C:\Windows;C:\Windows\System32\Wbem;C:\Windows\System32\WindowsPowerShell\v1.0;C:\Program Files (x86)\NVIDIA Corporation\PhysX\Common;C:\JavaHome\bin;C:\JavaHome\jre\bin;D:\tomcat8.5.28\bin;D:\tomcat8.5.28\bin;C:\Program Files\TortoiseSVN\bin;C:\curl-7.46.0-win64\bin;C:\Program Files\MySQL\MySQL Server 5.5\bin;C:\WINDOWS\system32;C:\WINDOWS;C:\WINDOWS\System32\Wbem;C:\WINDOWS\System32\WindowsPowerShell\v1.0;C:\Program Files\Git\cmd;C:\m2Home\bin;C:\WINDOWS\System32\OpenSSH;C:\Android\android-sdk\tools;C:\Android\android-sdk\platform-tools;C:\nodejs;C:\apache-ant-1.10.5\bin;C:\Users\luqiwei\AppData\Local\Microsoft\WindowsApps;C:\Users\luqiwei\AppData\Local\Programs\Fiddler;C:\Users\luqiwei\AppData\Local\Microsoft\WindowsApps;C:\Users\luqiwei\AppData\Roaming\npm;."/>
    <property name="java.vm.info" value="mixed mode"/>
    <property name="java.vendor" value="Oracle Corporation"/>
    <property name="java.vm.version" value="25.121-b13"/>
    <property name="java.ext.dirs" value="C:\JavaHome\jre\lib\ext;C:\WINDOWS\Sun\Java\lib\ext"/>
    <property name="sun.io.unicode.encoding" value="UnicodeLittle"/>
    <property name="java.class.version" value="52.0"/>
  </properties>
  <testcase name="isMatchTest" classname="util.AssertUtilTest" time="0.137"/>
  <testcase name="superAssertTest" classname="util.AssertUtilTest" time="0.004"/>
  <testcase name="getValueTest" classname="util.JSONUtilTest" time="0.031"/>
  <testcase name="json2MapTest" classname="util.JSONUtilTest" time="0.001"/>
  <testcase name="generateChineseNameTest" classname="util.GeneratorUtilTest" time="0.023"/>
</testsuite>