<?xml version="1.0" encoding="UTF-8"?>
<!-- Generated by org.testng.reporters.JUnitReportReporter -->
<testsuite skipped="0" hostname="鲁奇伟" name="util.AssertUtilTest" tests="2" failures="0" timestamp="10 一月 2019 06:01:46 GMT" time="0.143" errors="0">
  <testcase name="superAssertTest" time="0.006" classname="util.AssertUtilTest"/>
  <testcase name="isMatchTest" time="0.137" classname="util.AssertUtilTest"/>
</testsuite> <!-- util.AssertUtilTest -->
