<?xml version="1.0" encoding="UTF-8"?>
<!-- Generated by org.testng.reporters.JUnitReportReporter -->
<testsuite skipped="0" hostname="鲁奇伟" name="util.GeneratorUtilTest" tests="1" failures="0" timestamp="10 一月 2019 06:01:46 GMT" time="0.023" errors="0">
  <testcase name="generateChineseNameTest" time="0.023" classname="util.GeneratorUtilTest"/>
</testsuite> <!-- util.GeneratorUtilTest -->
