<?xml version="1.0" encoding="UTF-8"?>
<!-- Generated by org.testng.reporters.JUnitReportReporter -->
<testsuite skipped="0" hostname="鲁奇伟" name="util.JSONUtilTest" tests="2" failures="0" timestamp="10 一月 2019 06:01:46 GMT" time="0.031" errors="0">
  <testcase name="getValueTest" time="0.031" classname="util.JSONUtilTest"/>
  <testcase name="json2MapTest" time="0.000" classname="util.JSONUtilTest"/>
</testsuite> <!-- util.JSONUtilTest -->
